ERROR:root:inicio de tiempos
INFO:root:inicio de Proceso
INFO:root:Paso de lectura
INFO:root:Fin de proceso
INFO:__main__:inicio de Proceso
INFO:root:Paso de lectura
INFO:__main__:Fin de proceso
INFO:root:inicio de Proceso
INFO:root:Paso de lectura
INFO:root:Fin de proceso
INFO:root:inicio de Proceso
INFO:root:Paso de lectura
INFO 2019-06-19 15:49:30,287 - inicio de Proceso
INFO 2019-06-19 15:49:32,303 - Paso de lectura
INFO:root 2019-06-19 15:50:29,510 - inicio de Proceso
INFO:root 2019-06-19 15:50:31,516 - Paso de lectura
INFO:root 2019-06-19 16:20:37,769 - Paso de lectura
INFO:root 2019-06-19 16:20:37,832 - Access path C:\Users\equito\Documents\Proyectos Python\Beta 1.0\setting.xlsx
INFO:root 2019-06-19 16:21:45,354 - Paso de lectura
INFO:root 2019-06-19 16:21:45,400 - Access path of configure C:\Users\equito\Documents\Proyectos Python\Beta 1.0\setting.xlsx
INFO:root 2019-06-20 10:12:32,738 - Paso de lectura
INFO:root 2019-06-20 10:12:32,878 - Access path of configure C:\Users\equito\Documents\Proyectos Python\Beta 1.0\setting.xlsx
INFO:root 2019-06-20 10:12:54,726 - Paso de lectura
INFO:root 2019-06-20 10:12:54,773 - Access path of configure C:\Users\equito\Documents\Proyectos Python\Beta 1.0\setting.xlsx
INFO:root 2019-06-20 10:13:38,838 - Paso de lectura
INFO:root 2019-06-20 10:13:38,884 - Access path of configure C:\Users\equito\Documents\Proyectos Python\Beta 1.0\setting.xlsx
INFO:root 2019-06-20 10:14:29,646 - Paso de lectura
INFO:root 2019-06-20 10:14:29,693 - Access path of configure C:\Users\equito\Documents\Proyectos Python\Beta 1.0\setting.xlsx
INFO:root 2019-06-20 10:15:08,694 - Paso de lectura
INFO:root 2019-06-20 10:15:08,757 - Access path of configure C:\Users\equito\Documents\Proyectos Python\Beta 1.0\setting.xlsx
INFO:root 2019-06-20 10:18:34,402 - Paso de lectura
INFO:root 2019-06-20 10:18:34,449 - Access path of configure C:\Users\equito\Documents\Proyectos Python\Beta 1.0\setting.xlsx
INFO:root 2019-06-20 10:18:59,117 - Paso de lectura
INFO:root 2019-06-20 10:18:59,163 - Access path of configure C:\Users\equito\Documents\Proyectos Python\Beta 1.0\setting.xlsx
INFO:root 2019-06-20 10:19:16,661 - Paso de lectura
INFO:root 2019-06-20 10:19:16,692 - Access path of configure C:\Users\equito\Documents\Proyectos Python\Beta 1.0\setting.xlsx
INFO:root 2019-06-20 10:21:27,271 - Paso de lectura
INFO:root 2019-06-20 10:21:27,334 - Access path of configure C:\Users\equito\Documents\Proyectos Python\Beta 1.0\setting.xlsx
INFO:root 2019-06-20 10:21:59,823 - Paso de lectura
INFO:root 2019-06-20 10:21:59,869 - Access path of configure C:\Users\equito\Documents\Proyectos Python\Beta 1.0\setting.xlsx
INFO:root 2019-06-20 10:22:19,885 - Paso de lectura
INFO:root 2019-06-20 10:22:19,931 - Access path of configure C:\Users\equito\Documents\Proyectos Python\Beta 1.0\setting.xlsx
